<?xml version="1.0" encoding="UTF-8"?>
<!-- Generated by org.testng.reporters.JUnitReportReporter -->
<testsuite hostname="DESKTOP-53AMSS8" failures="0" tests="2" name="Demo.Snippet" time="0.009" errors="0" timestamp="2024-08-27T16:00:57 IST" skipped="0">
  <testcase classname="Demo.Snippet" name="main" time="0.001"/>
  <testcase classname="Demo.Snippet" name="login" time="0.008"/>
</testsuite> <!-- Demo.Snippet -->
